[32m2024-12-11 00:46:38.537[0;39m [INFO] com.hexaware.ctms.CricketTeamManagementSystemApplication [main] Starting CricketTeamManagementSystemApplication using Java 21.0.5 with PID 21632 (D:\JA228-Venkatesh-Pai\ctms\target\classes started by paive in D:\JA228-Venkatesh-Pai\ctms)
[32m2024-12-11 00:46:38.547[0;39m [INFO] com.hexaware.ctms.CricketTeamManagementSystemApplication [main] No active profile set, falling back to 1 default profile: "default"
[32m2024-12-11 00:46:39.854[0;39m [INFO] org.springframework.data.repository.config.RepositoryConfigurationDelegate [main] Bootstrapping Spring Data JPA repositories in DEFAULT mode.
[32m2024-12-11 00:46:39.927[0;39m [INFO] org.springframework.data.repository.config.RepositoryConfigurationDelegate [main] Finished Spring Data repository scanning in 55 ms. Found 1 JPA repository interface.
[32m2024-12-11 00:46:40.556[0;39m [INFO] org.springframework.boot.web.embedded.tomcat.TomcatWebServer [main] Tomcat initialized with port 8080 (http)
[32m2024-12-11 00:46:40.578[0;39m [INFO] org.apache.catalina.core.StandardService [main] Starting service [Tomcat]
[32m2024-12-11 00:46:40.579[0;39m [INFO] org.apache.catalina.core.StandardEngine [main] Starting Servlet engine: [Apache Tomcat/10.1.33]
[32m2024-12-11 00:46:40.667[0;39m [INFO] org.apache.catalina.core.ContainerBase.[Tomcat].[localhost].[/] [main] Initializing Spring embedded WebApplicationContext
[32m2024-12-11 00:46:40.668[0;39m [INFO] org.springframework.boot.web.servlet.context.ServletWebServerApplicationContext [main] Root WebApplicationContext: initialization completed in 2042 ms
[32m2024-12-11 00:46:40.863[0;39m [INFO] org.hibernate.jpa.internal.util.LogHelper [main] HHH000204: Processing PersistenceUnitInfo [name: default]
[32m2024-12-11 00:46:40.960[0;39m [INFO] org.hibernate.Version [main] HHH000412: Hibernate ORM core version 6.6.2.Final
[32m2024-12-11 00:46:41.048[0;39m [INFO] org.hibernate.cache.internal.RegionFactoryInitiator [main] HHH000026: Second-level cache disabled
[32m2024-12-11 00:46:41.711[0;39m [INFO] org.springframework.orm.jpa.persistenceunit.SpringPersistenceUnitInfo [main] No LoadTimeWeaver setup: ignoring JPA class transformer
[32m2024-12-11 00:46:41.756[0;39m [INFO] com.zaxxer.hikari.HikariDataSource [main] HikariPool-1 - Starting...
[32m2024-12-11 00:46:42.171[0;39m [INFO] com.zaxxer.hikari.pool.HikariPool [main] HikariPool-1 - Added connection com.mysql.cj.jdbc.ConnectionImpl@5fbae40
[32m2024-12-11 00:46:42.173[0;39m [INFO] com.zaxxer.hikari.HikariDataSource [main] HikariPool-1 - Start completed.
[32m2024-12-11 00:46:42.252[0;39m [WARN] org.hibernate.orm.deprecation [main] HHH90000025: MySQLDialect does not need to be specified explicitly using 'hibernate.dialect' (remove the property setting and it will be selected by default)
[32m2024-12-11 00:46:42.280[0;39m [INFO] org.hibernate.orm.connections.pooling [main] HHH10001005: Database info:
	Database JDBC URL [Connecting through datasource 'HikariDataSource (HikariPool-1)']
	Database driver: undefined/unknown
	Database version: 8.0.40
	Autocommit mode: undefined/unknown
	Isolation level: undefined/unknown
	Minimum pool size: undefined/unknown
	Maximum pool size: undefined/unknown
[32m2024-12-11 00:46:43.650[0;39m [INFO] org.hibernate.engine.transaction.jta.platform.internal.JtaPlatformInitiator [main] HHH000489: No JTA platform available (set 'hibernate.transaction.jta.platform' to enable JTA platform integration)
[32m2024-12-11 00:46:43.722[0;39m [INFO] org.springframework.orm.jpa.LocalContainerEntityManagerFactoryBean [main] Initialized JPA EntityManagerFactory for persistence unit 'default'
[32m2024-12-11 00:46:44.048[0;39m [INFO] org.springframework.data.jpa.repository.query.QueryEnhancerFactory [main] Hibernate is in classpath; If applicable, HQL parser will be used.
[32m2024-12-11 00:46:44.830[0;39m [WARN] org.springframework.boot.autoconfigure.orm.jpa.JpaBaseConfiguration$JpaWebConfiguration [main] spring.jpa.open-in-view is enabled by default. Therefore, database queries may be performed during view rendering. Explicitly configure spring.jpa.open-in-view to disable this warning
[32m2024-12-11 00:46:45.460[0;39m [INFO] org.springframework.boot.web.embedded.tomcat.TomcatWebServer [main] Tomcat started on port 8080 (http) with context path '/'
[32m2024-12-11 00:46:45.468[0;39m [INFO] com.hexaware.ctms.CricketTeamManagementSystemApplication [main] Started CricketTeamManagementSystemApplication in 7.519 seconds (process running for 10.984)
[32m2024-12-11 01:04:56.837[0;39m [INFO] org.apache.catalina.core.ContainerBase.[Tomcat].[localhost].[/] [http-nio-8080-exec-2] Initializing Spring DispatcherServlet 'dispatcherServlet'
[32m2024-12-11 01:04:56.837[0;39m [INFO] org.springframework.web.servlet.DispatcherServlet [http-nio-8080-exec-2] Initializing Servlet 'dispatcherServlet'
[32m2024-12-11 01:04:56.855[0;39m [INFO] org.springframework.web.servlet.DispatcherServlet [http-nio-8080-exec-2] Completed initialization in 18 ms
[32m2024-12-11 01:32:56.669[0;39m [INFO] org.springframework.boot.admin.SpringApplicationAdminMXBeanRegistrar$SpringApplicationAdmin [RMI TCP Connection(50)-127.0.0.1] Application shutdown requested.
[32m2024-12-11 01:32:56.669[0;39m [INFO] org.springframework.boot.web.embedded.tomcat.GracefulShutdown [RMI TCP Connection(50)-127.0.0.1] Commencing graceful shutdown. Waiting for active requests to complete
[32m2024-12-11 01:32:56.686[0;39m [INFO] org.springframework.boot.web.embedded.tomcat.GracefulShutdown [tomcat-shutdown] Graceful shutdown complete
[32m2024-12-11 01:32:56.694[0;39m [INFO] org.springframework.orm.jpa.LocalContainerEntityManagerFactoryBean [RMI TCP Connection(50)-127.0.0.1] Closing JPA EntityManagerFactory for persistence unit 'default'
[32m2024-12-11 01:32:56.703[0;39m [INFO] com.zaxxer.hikari.HikariDataSource [RMI TCP Connection(50)-127.0.0.1] HikariPool-1 - Shutdown initiated...
[32m2024-12-11 01:32:56.714[0;39m [INFO] com.zaxxer.hikari.HikariDataSource [RMI TCP Connection(50)-127.0.0.1] HikariPool-1 - Shutdown completed.
[32m2024-12-11 01:33:49.589[0;39m [INFO] com.hexaware.ctms.CricketTeamManagementSystemApplication [main] Starting CricketTeamManagementSystemApplication using Java 21.0.5 with PID 18800 (D:\JA228-Venkatesh-Pai\ctms\target\classes started by paive in D:\JA228-Venkatesh-Pai\ctms)
[32m2024-12-11 01:33:49.594[0;39m [INFO] com.hexaware.ctms.CricketTeamManagementSystemApplication [main] No active profile set, falling back to 1 default profile: "default"
[32m2024-12-11 01:33:50.569[0;39m [INFO] org.springframework.data.repository.config.RepositoryConfigurationDelegate [main] Bootstrapping Spring Data JPA repositories in DEFAULT mode.
[32m2024-12-11 01:33:50.648[0;39m [INFO] org.springframework.data.repository.config.RepositoryConfigurationDelegate [main] Finished Spring Data repository scanning in 63 ms. Found 1 JPA repository interface.
[32m2024-12-11 01:33:51.184[0;39m [INFO] org.springframework.boot.web.embedded.tomcat.TomcatWebServer [main] Tomcat initialized with port 8080 (http)
[32m2024-12-11 01:33:51.205[0;39m [INFO] org.apache.catalina.core.StandardService [main] Starting service [Tomcat]
[32m2024-12-11 01:33:51.205[0;39m [INFO] org.apache.catalina.core.StandardEngine [main] Starting Servlet engine: [Apache Tomcat/10.1.33]
[32m2024-12-11 01:33:51.283[0;39m [INFO] org.apache.catalina.core.ContainerBase.[Tomcat].[localhost].[/] [main] Initializing Spring embedded WebApplicationContext
[32m2024-12-11 01:33:51.284[0;39m [INFO] org.springframework.boot.web.servlet.context.ServletWebServerApplicationContext [main] Root WebApplicationContext: initialization completed in 1641 ms
[32m2024-12-11 01:33:51.473[0;39m [INFO] org.hibernate.jpa.internal.util.LogHelper [main] HHH000204: Processing PersistenceUnitInfo [name: default]
[32m2024-12-11 01:33:51.552[0;39m [INFO] org.hibernate.Version [main] HHH000412: Hibernate ORM core version 6.6.2.Final
[32m2024-12-11 01:33:51.593[0;39m [INFO] org.hibernate.cache.internal.RegionFactoryInitiator [main] HHH000026: Second-level cache disabled
[32m2024-12-11 01:33:52.128[0;39m [INFO] org.springframework.orm.jpa.persistenceunit.SpringPersistenceUnitInfo [main] No LoadTimeWeaver setup: ignoring JPA class transformer
[32m2024-12-11 01:33:52.176[0;39m [INFO] com.zaxxer.hikari.HikariDataSource [main] HikariPool-1 - Starting...
[32m2024-12-11 01:33:52.530[0;39m [INFO] com.zaxxer.hikari.pool.HikariPool [main] HikariPool-1 - Added connection com.mysql.cj.jdbc.ConnectionImpl@2e40fdbd
[32m2024-12-11 01:33:52.534[0;39m [INFO] com.zaxxer.hikari.HikariDataSource [main] HikariPool-1 - Start completed.
[32m2024-12-11 01:33:52.594[0;39m [WARN] org.hibernate.orm.deprecation [main] HHH90000025: MySQLDialect does not need to be specified explicitly using 'hibernate.dialect' (remove the property setting and it will be selected by default)
[32m2024-12-11 01:33:52.628[0;39m [INFO] org.hibernate.orm.connections.pooling [main] HHH10001005: Database info:
	Database JDBC URL [Connecting through datasource 'HikariDataSource (HikariPool-1)']
	Database driver: undefined/unknown
	Database version: 8.0.40
	Autocommit mode: undefined/unknown
	Isolation level: undefined/unknown
	Minimum pool size: undefined/unknown
	Maximum pool size: undefined/unknown
[32m2024-12-11 01:33:53.665[0;39m [INFO] org.hibernate.engine.transaction.jta.platform.internal.JtaPlatformInitiator [main] HHH000489: No JTA platform available (set 'hibernate.transaction.jta.platform' to enable JTA platform integration)
[32m2024-12-11 01:33:53.753[0;39m [INFO] org.springframework.orm.jpa.LocalContainerEntityManagerFactoryBean [main] Initialized JPA EntityManagerFactory for persistence unit 'default'
[32m2024-12-11 01:33:54.004[0;39m [INFO] org.springframework.data.jpa.repository.query.QueryEnhancerFactory [main] Hibernate is in classpath; If applicable, HQL parser will be used.
[32m2024-12-11 01:33:54.582[0;39m [WARN] org.springframework.boot.autoconfigure.orm.jpa.JpaBaseConfiguration$JpaWebConfiguration [main] spring.jpa.open-in-view is enabled by default. Therefore, database queries may be performed during view rendering. Explicitly configure spring.jpa.open-in-view to disable this warning
[32m2024-12-11 01:33:54.990[0;39m [INFO] org.springframework.boot.web.embedded.tomcat.TomcatWebServer [main] Tomcat started on port 8080 (http) with context path '/'
[32m2024-12-11 01:33:55.004[0;39m [INFO] com.hexaware.ctms.CricketTeamManagementSystemApplication [main] Started CricketTeamManagementSystemApplication in 5.905 seconds (process running for 7.983)
[32m2024-12-11 01:34:33.858[0;39m [INFO] org.apache.catalina.core.ContainerBase.[Tomcat].[localhost].[/] [http-nio-8080-exec-1] Initializing Spring DispatcherServlet 'dispatcherServlet'
[32m2024-12-11 01:34:33.858[0;39m [INFO] org.springframework.web.servlet.DispatcherServlet [http-nio-8080-exec-1] Initializing Servlet 'dispatcherServlet'
[32m2024-12-11 01:34:33.874[0;39m [INFO] org.springframework.web.servlet.DispatcherServlet [http-nio-8080-exec-1] Completed initialization in 16 ms
[32m2024-12-11 01:38:41.502[0;39m [INFO] org.springframework.boot.admin.SpringApplicationAdminMXBeanRegistrar$SpringApplicationAdmin [RMI TCP Connection(8)-127.0.0.1] Application shutdown requested.
[32m2024-12-11 01:38:43.155[0;39m [INFO] org.springframework.boot.web.embedded.tomcat.GracefulShutdown [RMI TCP Connection(8)-127.0.0.1] Commencing graceful shutdown. Waiting for active requests to complete
[32m2024-12-11 01:38:43.177[0;39m [INFO] org.springframework.boot.web.embedded.tomcat.GracefulShutdown [tomcat-shutdown] Graceful shutdown complete
[32m2024-12-11 01:38:43.181[0;39m [INFO] org.springframework.orm.jpa.LocalContainerEntityManagerFactoryBean [RMI TCP Connection(8)-127.0.0.1] Closing JPA EntityManagerFactory for persistence unit 'default'
[32m2024-12-11 01:38:43.184[0;39m [INFO] com.zaxxer.hikari.HikariDataSource [RMI TCP Connection(8)-127.0.0.1] HikariPool-1 - Shutdown initiated...
[32m2024-12-11 01:38:43.220[0;39m [INFO] com.zaxxer.hikari.HikariDataSource [RMI TCP Connection(8)-127.0.0.1] HikariPool-1 - Shutdown completed.
[32m2024-12-11 01:49:54.641[0;39m [INFO] com.hexaware.ctms.CricketTeamManagementSystemApplication [main] Starting CricketTeamManagementSystemApplication using Java 21.0.5 with PID 6964 (D:\JA228-Venkatesh-Pai\ctms\target\classes started by paive in D:\JA228-Venkatesh-Pai\ctms)
[32m2024-12-11 01:49:54.644[0;39m [INFO] com.hexaware.ctms.CricketTeamManagementSystemApplication [main] No active profile set, falling back to 1 default profile: "default"
[32m2024-12-11 01:49:55.658[0;39m [INFO] org.springframework.data.repository.config.RepositoryConfigurationDelegate [main] Bootstrapping Spring Data JPA repositories in DEFAULT mode.
[32m2024-12-11 01:49:55.735[0;39m [INFO] org.springframework.data.repository.config.RepositoryConfigurationDelegate [main] Finished Spring Data repository scanning in 60 ms. Found 1 JPA repository interface.
[32m2024-12-11 01:49:56.277[0;39m [INFO] org.springframework.boot.web.embedded.tomcat.TomcatWebServer [main] Tomcat initialized with port 8080 (http)
[32m2024-12-11 01:49:56.295[0;39m [INFO] org.apache.catalina.core.StandardService [main] Starting service [Tomcat]
[32m2024-12-11 01:49:56.297[0;39m [INFO] org.apache.catalina.core.StandardEngine [main] Starting Servlet engine: [Apache Tomcat/10.1.33]
[32m2024-12-11 01:49:56.380[0;39m [INFO] org.apache.catalina.core.ContainerBase.[Tomcat].[localhost].[/] [main] Initializing Spring embedded WebApplicationContext
[32m2024-12-11 01:49:56.380[0;39m [INFO] org.springframework.boot.web.servlet.context.ServletWebServerApplicationContext [main] Root WebApplicationContext: initialization completed in 1649 ms
[32m2024-12-11 01:49:56.544[0;39m [INFO] org.hibernate.jpa.internal.util.LogHelper [main] HHH000204: Processing PersistenceUnitInfo [name: default]
[32m2024-12-11 01:49:56.621[0;39m [INFO] org.hibernate.Version [main] HHH000412: Hibernate ORM core version 6.6.2.Final
[32m2024-12-11 01:49:56.678[0;39m [INFO] org.hibernate.cache.internal.RegionFactoryInitiator [main] HHH000026: Second-level cache disabled
[32m2024-12-11 01:49:57.252[0;39m [INFO] org.springframework.orm.jpa.persistenceunit.SpringPersistenceUnitInfo [main] No LoadTimeWeaver setup: ignoring JPA class transformer
[32m2024-12-11 01:49:57.289[0;39m [INFO] com.zaxxer.hikari.HikariDataSource [main] HikariPool-1 - Starting...
[32m2024-12-11 01:49:57.649[0;39m [INFO] com.zaxxer.hikari.pool.HikariPool [main] HikariPool-1 - Added connection com.mysql.cj.jdbc.ConnectionImpl@503a7990
[32m2024-12-11 01:49:57.652[0;39m [INFO] com.zaxxer.hikari.HikariDataSource [main] HikariPool-1 - Start completed.
[32m2024-12-11 01:49:57.719[0;39m [WARN] org.hibernate.orm.deprecation [main] HHH90000025: MySQLDialect does not need to be specified explicitly using 'hibernate.dialect' (remove the property setting and it will be selected by default)
[32m2024-12-11 01:49:57.744[0;39m [INFO] org.hibernate.orm.connections.pooling [main] HHH10001005: Database info:
	Database JDBC URL [Connecting through datasource 'HikariDataSource (HikariPool-1)']
	Database driver: undefined/unknown
	Database version: 8.0.40
	Autocommit mode: undefined/unknown
	Isolation level: undefined/unknown
	Minimum pool size: undefined/unknown
	Maximum pool size: undefined/unknown
[32m2024-12-11 01:49:58.891[0;39m [INFO] org.hibernate.engine.transaction.jta.platform.internal.JtaPlatformInitiator [main] HHH000489: No JTA platform available (set 'hibernate.transaction.jta.platform' to enable JTA platform integration)
[32m2024-12-11 01:49:58.945[0;39m [INFO] org.springframework.orm.jpa.LocalContainerEntityManagerFactoryBean [main] Initialized JPA EntityManagerFactory for persistence unit 'default'
[32m2024-12-11 01:49:59.205[0;39m [INFO] org.springframework.data.jpa.repository.query.QueryEnhancerFactory [main] Hibernate is in classpath; If applicable, HQL parser will be used.
[32m2024-12-11 01:49:59.811[0;39m [WARN] org.springframework.boot.autoconfigure.orm.jpa.JpaBaseConfiguration$JpaWebConfiguration [main] spring.jpa.open-in-view is enabled by default. Therefore, database queries may be performed during view rendering. Explicitly configure spring.jpa.open-in-view to disable this warning
[32m2024-12-11 01:50:00.196[0;39m [INFO] org.springframework.boot.web.embedded.tomcat.TomcatWebServer [main] Tomcat started on port 8080 (http) with context path '/'
[32m2024-12-11 01:50:00.206[0;39m [INFO] com.hexaware.ctms.CricketTeamManagementSystemApplication [main] Started CricketTeamManagementSystemApplication in 6.08 seconds (process running for 8.357)
[32m2024-12-11 01:52:32.320[0;39m [INFO] org.apache.catalina.core.ContainerBase.[Tomcat].[localhost].[/] [http-nio-8080-exec-1] Initializing Spring DispatcherServlet 'dispatcherServlet'
[32m2024-12-11 01:52:32.320[0;39m [INFO] org.springframework.web.servlet.DispatcherServlet [http-nio-8080-exec-1] Initializing Servlet 'dispatcherServlet'
[32m2024-12-11 01:52:32.329[0;39m [INFO] org.springframework.web.servlet.DispatcherServlet [http-nio-8080-exec-1] Completed initialization in 9 ms
[32m2024-12-11 01:55:19.574[0;39m [INFO] org.springframework.boot.admin.SpringApplicationAdminMXBeanRegistrar$SpringApplicationAdmin [RMI TCP Connection(13)-127.0.0.1] Application shutdown requested.
[32m2024-12-11 01:55:19.574[0;39m [INFO] org.springframework.boot.web.embedded.tomcat.GracefulShutdown [RMI TCP Connection(13)-127.0.0.1] Commencing graceful shutdown. Waiting for active requests to complete
[32m2024-12-11 01:55:19.597[0;39m [INFO] org.springframework.boot.web.embedded.tomcat.GracefulShutdown [tomcat-shutdown] Graceful shutdown complete
[32m2024-12-11 01:55:19.598[0;39m [INFO] org.springframework.orm.jpa.LocalContainerEntityManagerFactoryBean [RMI TCP Connection(13)-127.0.0.1] Closing JPA EntityManagerFactory for persistence unit 'default'
[32m2024-12-11 01:55:19.598[0;39m [INFO] com.zaxxer.hikari.HikariDataSource [RMI TCP Connection(13)-127.0.0.1] HikariPool-1 - Shutdown initiated...
[32m2024-12-11 01:55:19.614[0;39m [INFO] com.zaxxer.hikari.HikariDataSource [RMI TCP Connection(13)-127.0.0.1] HikariPool-1 - Shutdown completed.
[32m2024-12-11 08:37:03.405[0;39m [INFO] com.hexaware.ctms.CricketTeamManagementSystemApplication [main] Starting CricketTeamManagementSystemApplication using Java 21.0.5 with PID 20688 (D:\JA228-Venkatesh-Pai\ctms\target\classes started by paive in D:\JA228-Venkatesh-Pai\ctms)
[32m2024-12-11 08:37:03.408[0;39m [INFO] com.hexaware.ctms.CricketTeamManagementSystemApplication [main] No active profile set, falling back to 1 default profile: "default"
[32m2024-12-11 08:37:04.558[0;39m [INFO] org.springframework.data.repository.config.RepositoryConfigurationDelegate [main] Bootstrapping Spring Data JPA repositories in DEFAULT mode.
[32m2024-12-11 08:37:04.646[0;39m [INFO] org.springframework.data.repository.config.RepositoryConfigurationDelegate [main] Finished Spring Data repository scanning in 72 ms. Found 1 JPA repository interface.
[32m2024-12-11 08:37:05.424[0;39m [INFO] org.springframework.boot.web.embedded.tomcat.TomcatWebServer [main] Tomcat initialized with port 8080 (http)
[32m2024-12-11 08:37:05.441[0;39m [INFO] org.apache.catalina.core.StandardService [main] Starting service [Tomcat]
[32m2024-12-11 08:37:05.441[0;39m [INFO] org.apache.catalina.core.StandardEngine [main] Starting Servlet engine: [Apache Tomcat/10.1.33]
[32m2024-12-11 08:37:05.524[0;39m [INFO] org.apache.catalina.core.ContainerBase.[Tomcat].[localhost].[/] [main] Initializing Spring embedded WebApplicationContext
[32m2024-12-11 08:37:05.524[0;39m [INFO] org.springframework.boot.web.servlet.context.ServletWebServerApplicationContext [main] Root WebApplicationContext: initialization completed in 2031 ms
[32m2024-12-11 08:37:05.716[0;39m [INFO] org.hibernate.jpa.internal.util.LogHelper [main] HHH000204: Processing PersistenceUnitInfo [name: default]
[32m2024-12-11 08:37:05.806[0;39m [INFO] org.hibernate.Version [main] HHH000412: Hibernate ORM core version 6.6.2.Final
[32m2024-12-11 08:37:05.877[0;39m [INFO] org.hibernate.cache.internal.RegionFactoryInitiator [main] HHH000026: Second-level cache disabled
[32m2024-12-11 08:37:06.345[0;39m [INFO] org.springframework.orm.jpa.persistenceunit.SpringPersistenceUnitInfo [main] No LoadTimeWeaver setup: ignoring JPA class transformer
[32m2024-12-11 08:37:06.396[0;39m [INFO] com.zaxxer.hikari.HikariDataSource [main] HikariPool-1 - Starting...
[32m2024-12-11 08:37:06.778[0;39m [INFO] com.zaxxer.hikari.pool.HikariPool [main] HikariPool-1 - Added connection com.mysql.cj.jdbc.ConnectionImpl@2e40fdbd
[32m2024-12-11 08:37:06.781[0;39m [INFO] com.zaxxer.hikari.HikariDataSource [main] HikariPool-1 - Start completed.
[32m2024-12-11 08:37:06.853[0;39m [WARN] org.hibernate.orm.deprecation [main] HHH90000025: MySQLDialect does not need to be specified explicitly using 'hibernate.dialect' (remove the property setting and it will be selected by default)
[32m2024-12-11 08:37:06.879[0;39m [INFO] org.hibernate.orm.connections.pooling [main] HHH10001005: Database info:
	Database JDBC URL [Connecting through datasource 'HikariDataSource (HikariPool-1)']
	Database driver: undefined/unknown
	Database version: 8.0.40
	Autocommit mode: undefined/unknown
	Isolation level: undefined/unknown
	Minimum pool size: undefined/unknown
	Maximum pool size: undefined/unknown
[32m2024-12-11 08:37:08.069[0;39m [INFO] org.hibernate.engine.transaction.jta.platform.internal.JtaPlatformInitiator [main] HHH000489: No JTA platform available (set 'hibernate.transaction.jta.platform' to enable JTA platform integration)
[32m2024-12-11 08:37:08.133[0;39m [INFO] org.springframework.orm.jpa.LocalContainerEntityManagerFactoryBean [main] Initialized JPA EntityManagerFactory for persistence unit 'default'
[32m2024-12-11 08:37:08.433[0;39m [INFO] org.springframework.data.jpa.repository.query.QueryEnhancerFactory [main] Hibernate is in classpath; If applicable, HQL parser will be used.
[32m2024-12-11 08:37:09.061[0;39m [WARN] org.springframework.boot.autoconfigure.orm.jpa.JpaBaseConfiguration$JpaWebConfiguration [main] spring.jpa.open-in-view is enabled by default. Therefore, database queries may be performed during view rendering. Explicitly configure spring.jpa.open-in-view to disable this warning
[32m2024-12-11 08:37:09.552[0;39m [INFO] org.springframework.boot.web.embedded.tomcat.TomcatWebServer [main] Tomcat started on port 8080 (http) with context path '/'
[32m2024-12-11 08:37:09.565[0;39m [INFO] com.hexaware.ctms.CricketTeamManagementSystemApplication [main] Started CricketTeamManagementSystemApplication in 6.759 seconds (process running for 7.685)
[32m2024-12-11 08:40:32.972[0;39m [INFO] org.apache.catalina.core.ContainerBase.[Tomcat].[localhost].[/] [http-nio-8080-exec-2] Initializing Spring DispatcherServlet 'dispatcherServlet'
[32m2024-12-11 08:40:32.972[0;39m [INFO] org.springframework.web.servlet.DispatcherServlet [http-nio-8080-exec-2] Initializing Servlet 'dispatcherServlet'
[32m2024-12-11 08:40:32.972[0;39m [INFO] org.springframework.web.servlet.DispatcherServlet [http-nio-8080-exec-2] Completed initialization in 0 ms
[32m2024-12-11 09:30:44.253[0;39m [INFO] org.springframework.boot.admin.SpringApplicationAdminMXBeanRegistrar$SpringApplicationAdmin [RMI TCP Connection(64)-127.0.0.1] Application shutdown requested.
[32m2024-12-11 09:30:44.257[0;39m [INFO] org.springframework.boot.web.embedded.tomcat.GracefulShutdown [RMI TCP Connection(64)-127.0.0.1] Commencing graceful shutdown. Waiting for active requests to complete
[32m2024-12-11 09:30:44.261[0;39m [INFO] org.springframework.boot.web.embedded.tomcat.GracefulShutdown [tomcat-shutdown] Graceful shutdown complete
[32m2024-12-11 09:30:44.266[0;39m [INFO] org.springframework.orm.jpa.LocalContainerEntityManagerFactoryBean [RMI TCP Connection(64)-127.0.0.1] Closing JPA EntityManagerFactory for persistence unit 'default'
[32m2024-12-11 09:30:44.269[0;39m [INFO] com.zaxxer.hikari.HikariDataSource [RMI TCP Connection(64)-127.0.0.1] HikariPool-1 - Shutdown initiated...
[32m2024-12-11 09:30:44.276[0;39m [INFO] com.zaxxer.hikari.HikariDataSource [RMI TCP Connection(64)-127.0.0.1] HikariPool-1 - Shutdown completed.
[32m2024-12-11 09:37:40.129[0;39m [INFO] com.hexaware.ctms.CricketTeamManagementSystemApplication [main] Starting CricketTeamManagementSystemApplication using Java 21.0.5 with PID 4536 (D:\JA228-Venkatesh-Pai\ctms\target\classes started by paive in D:\JA228-Venkatesh-Pai\ctms)
[32m2024-12-11 09:37:40.131[0;39m [INFO] com.hexaware.ctms.CricketTeamManagementSystemApplication [main] No active profile set, falling back to 1 default profile: "default"
[32m2024-12-11 09:37:40.904[0;39m [INFO] org.springframework.data.repository.config.RepositoryConfigurationDelegate [main] Bootstrapping Spring Data JPA repositories in DEFAULT mode.
[32m2024-12-11 09:37:40.966[0;39m [INFO] org.springframework.data.repository.config.RepositoryConfigurationDelegate [main] Finished Spring Data repository scanning in 48 ms. Found 1 JPA repository interface.
[32m2024-12-11 09:37:41.426[0;39m [INFO] org.springframework.boot.web.embedded.tomcat.TomcatWebServer [main] Tomcat initialized with port 8080 (http)
[32m2024-12-11 09:37:41.441[0;39m [INFO] org.apache.catalina.core.StandardService [main] Starting service [Tomcat]
[32m2024-12-11 09:37:41.442[0;39m [INFO] org.apache.catalina.core.StandardEngine [main] Starting Servlet engine: [Apache Tomcat/10.1.33]
[32m2024-12-11 09:37:41.500[0;39m [INFO] org.apache.catalina.core.ContainerBase.[Tomcat].[localhost].[/] [main] Initializing Spring embedded WebApplicationContext
[32m2024-12-11 09:37:41.501[0;39m [INFO] org.springframework.boot.web.servlet.context.ServletWebServerApplicationContext [main] Root WebApplicationContext: initialization completed in 1308 ms
[32m2024-12-11 09:37:41.649[0;39m [INFO] org.hibernate.jpa.internal.util.LogHelper [main] HHH000204: Processing PersistenceUnitInfo [name: default]
[32m2024-12-11 09:37:41.712[0;39m [INFO] org.hibernate.Version [main] HHH000412: Hibernate ORM core version 6.6.2.Final
[32m2024-12-11 09:37:41.751[0;39m [INFO] org.hibernate.cache.internal.RegionFactoryInitiator [main] HHH000026: Second-level cache disabled
[32m2024-12-11 09:37:42.087[0;39m [INFO] org.springframework.orm.jpa.persistenceunit.SpringPersistenceUnitInfo [main] No LoadTimeWeaver setup: ignoring JPA class transformer
[32m2024-12-11 09:37:42.142[0;39m [INFO] com.zaxxer.hikari.HikariDataSource [main] HikariPool-1 - Starting...
[32m2024-12-11 09:37:42.483[0;39m [INFO] com.zaxxer.hikari.pool.HikariPool [main] HikariPool-1 - Added connection com.mysql.cj.jdbc.ConnectionImpl@15cee630
[32m2024-12-11 09:37:42.486[0;39m [INFO] com.zaxxer.hikari.HikariDataSource [main] HikariPool-1 - Start completed.
[32m2024-12-11 09:37:42.540[0;39m [WARN] org.hibernate.orm.deprecation [main] HHH90000025: MySQLDialect does not need to be specified explicitly using 'hibernate.dialect' (remove the property setting and it will be selected by default)
[32m2024-12-11 09:37:42.560[0;39m [INFO] org.hibernate.orm.connections.pooling [main] HHH10001005: Database info:
	Database JDBC URL [Connecting through datasource 'HikariDataSource (HikariPool-1)']
	Database driver: undefined/unknown
	Database version: 8.0.40
	Autocommit mode: undefined/unknown
	Isolation level: undefined/unknown
	Minimum pool size: undefined/unknown
	Maximum pool size: undefined/unknown
[32m2024-12-11 09:37:43.545[0;39m [INFO] org.hibernate.engine.transaction.jta.platform.internal.JtaPlatformInitiator [main] HHH000489: No JTA platform available (set 'hibernate.transaction.jta.platform' to enable JTA platform integration)
[32m2024-12-11 09:37:43.623[0;39m [INFO] org.springframework.orm.jpa.LocalContainerEntityManagerFactoryBean [main] Initialized JPA EntityManagerFactory for persistence unit 'default'
[32m2024-12-11 09:37:43.879[0;39m [INFO] org.springframework.data.jpa.repository.query.QueryEnhancerFactory [main] Hibernate is in classpath; If applicable, HQL parser will be used.
[32m2024-12-11 09:37:44.397[0;39m [WARN] org.springframework.boot.autoconfigure.orm.jpa.JpaBaseConfiguration$JpaWebConfiguration [main] spring.jpa.open-in-view is enabled by default. Therefore, database queries may be performed during view rendering. Explicitly configure spring.jpa.open-in-view to disable this warning
[32m2024-12-11 09:37:44.841[0;39m [INFO] org.springframework.boot.web.embedded.tomcat.TomcatWebServer [main] Tomcat started on port 8080 (http) with context path '/'
[32m2024-12-11 09:37:44.862[0;39m [INFO] com.hexaware.ctms.CricketTeamManagementSystemApplication [main] Started CricketTeamManagementSystemApplication in 5.264 seconds (process running for 6.232)
[32m2024-12-11 09:46:50.258[0;39m [INFO] org.apache.catalina.core.ContainerBase.[Tomcat].[localhost].[/] [http-nio-8080-exec-1] Initializing Spring DispatcherServlet 'dispatcherServlet'
[32m2024-12-11 09:46:50.258[0;39m [INFO] org.springframework.web.servlet.DispatcherServlet [http-nio-8080-exec-1] Initializing Servlet 'dispatcherServlet'
[32m2024-12-11 09:46:50.260[0;39m [INFO] org.springframework.web.servlet.DispatcherServlet [http-nio-8080-exec-1] Completed initialization in 1 ms
[32m2024-12-11 09:47:58.019[0;39m [INFO] org.springframework.boot.admin.SpringApplicationAdminMXBeanRegistrar$SpringApplicationAdmin [RMI TCP Connection(18)-127.0.0.1] Application shutdown requested.
[32m2024-12-11 09:47:58.022[0;39m [INFO] org.springframework.boot.web.embedded.tomcat.GracefulShutdown [RMI TCP Connection(18)-127.0.0.1] Commencing graceful shutdown. Waiting for active requests to complete
[32m2024-12-11 09:47:58.026[0;39m [INFO] org.springframework.boot.web.embedded.tomcat.GracefulShutdown [tomcat-shutdown] Graceful shutdown complete
[32m2024-12-11 09:47:58.030[0;39m [INFO] org.springframework.orm.jpa.LocalContainerEntityManagerFactoryBean [RMI TCP Connection(18)-127.0.0.1] Closing JPA EntityManagerFactory for persistence unit 'default'
[32m2024-12-11 09:47:58.032[0;39m [INFO] com.zaxxer.hikari.HikariDataSource [RMI TCP Connection(18)-127.0.0.1] HikariPool-1 - Shutdown initiated...
[32m2024-12-11 09:47:58.041[0;39m [INFO] com.zaxxer.hikari.HikariDataSource [RMI TCP Connection(18)-127.0.0.1] HikariPool-1 - Shutdown completed.
[32m2024-12-11 10:22:25.060[0;39m [INFO] com.hexaware.ctms.CricketTeamManagementSystemApplication [main] Starting CricketTeamManagementSystemApplication using Java 21.0.5 with PID 24668 (D:\JA228-Venkatesh-Pai\ctms\target\classes started by paive in D:\JA228-Venkatesh-Pai\ctms)
[32m2024-12-11 10:22:25.063[0;39m [INFO] com.hexaware.ctms.CricketTeamManagementSystemApplication [main] No active profile set, falling back to 1 default profile: "default"
[32m2024-12-11 10:22:25.996[0;39m [INFO] org.springframework.data.repository.config.RepositoryConfigurationDelegate [main] Bootstrapping Spring Data JPA repositories in DEFAULT mode.
[32m2024-12-11 10:22:26.084[0;39m [INFO] org.springframework.data.repository.config.RepositoryConfigurationDelegate [main] Finished Spring Data repository scanning in 73 ms. Found 1 JPA repository interface.
[32m2024-12-11 10:22:26.595[0;39m [INFO] org.springframework.boot.web.embedded.tomcat.TomcatWebServer [main] Tomcat initialized with port 8080 (http)
[32m2024-12-11 10:22:26.621[0;39m [INFO] org.apache.catalina.core.StandardService [main] Starting service [Tomcat]
[32m2024-12-11 10:22:26.621[0;39m [INFO] org.apache.catalina.core.StandardEngine [main] Starting Servlet engine: [Apache Tomcat/10.1.33]
[32m2024-12-11 10:22:26.701[0;39m [INFO] org.apache.catalina.core.ContainerBase.[Tomcat].[localhost].[/] [main] Initializing Spring embedded WebApplicationContext
[32m2024-12-11 10:22:26.701[0;39m [INFO] org.springframework.boot.web.servlet.context.ServletWebServerApplicationContext [main] Root WebApplicationContext: initialization completed in 1582 ms
[32m2024-12-11 10:22:26.903[0;39m [INFO] org.hibernate.jpa.internal.util.LogHelper [main] HHH000204: Processing PersistenceUnitInfo [name: default]
[32m2024-12-11 10:22:26.982[0;39m [INFO] org.hibernate.Version [main] HHH000412: Hibernate ORM core version 6.6.2.Final
[32m2024-12-11 10:22:27.036[0;39m [INFO] org.hibernate.cache.internal.RegionFactoryInitiator [main] HHH000026: Second-level cache disabled
[32m2024-12-11 10:22:27.603[0;39m [INFO] org.springframework.orm.jpa.persistenceunit.SpringPersistenceUnitInfo [main] No LoadTimeWeaver setup: ignoring JPA class transformer
[32m2024-12-11 10:22:27.656[0;39m [INFO] com.zaxxer.hikari.HikariDataSource [main] HikariPool-1 - Starting...
[32m2024-12-11 10:22:28.037[0;39m [INFO] com.zaxxer.hikari.pool.HikariPool [main] HikariPool-1 - Added connection com.mysql.cj.jdbc.ConnectionImpl@194037f9
[32m2024-12-11 10:22:28.038[0;39m [INFO] com.zaxxer.hikari.HikariDataSource [main] HikariPool-1 - Start completed.
[32m2024-12-11 10:22:28.141[0;39m [WARN] org.hibernate.orm.deprecation [main] HHH90000025: MySQLDialect does not need to be specified explicitly using 'hibernate.dialect' (remove the property setting and it will be selected by default)
[32m2024-12-11 10:22:28.177[0;39m [INFO] org.hibernate.orm.connections.pooling [main] HHH10001005: Database info:
	Database JDBC URL [Connecting through datasource 'HikariDataSource (HikariPool-1)']
	Database driver: undefined/unknown
	Database version: 8.0.40
	Autocommit mode: undefined/unknown
	Isolation level: undefined/unknown
	Minimum pool size: undefined/unknown
	Maximum pool size: undefined/unknown
[32m2024-12-11 10:22:29.361[0;39m [INFO] org.hibernate.engine.transaction.jta.platform.internal.JtaPlatformInitiator [main] HHH000489: No JTA platform available (set 'hibernate.transaction.jta.platform' to enable JTA platform integration)
[32m2024-12-11 10:22:29.433[0;39m [INFO] org.springframework.orm.jpa.LocalContainerEntityManagerFactoryBean [main] Initialized JPA EntityManagerFactory for persistence unit 'default'
[32m2024-12-11 10:22:29.725[0;39m [INFO] org.springframework.data.jpa.repository.query.QueryEnhancerFactory [main] Hibernate is in classpath; If applicable, HQL parser will be used.
[32m2024-12-11 10:22:30.260[0;39m [WARN] org.springframework.boot.autoconfigure.orm.jpa.JpaBaseConfiguration$JpaWebConfiguration [main] spring.jpa.open-in-view is enabled by default. Therefore, database queries may be performed during view rendering. Explicitly configure spring.jpa.open-in-view to disable this warning
[32m2024-12-11 10:22:30.657[0;39m [INFO] org.springframework.boot.web.embedded.tomcat.TomcatWebServer [main] Tomcat started on port 8080 (http) with context path '/'
[32m2024-12-11 10:22:30.671[0;39m [INFO] com.hexaware.ctms.CricketTeamManagementSystemApplication [main] Started CricketTeamManagementSystemApplication in 6.315 seconds (process running for 8.491)
[32m2024-12-11 10:44:56.382[0;39m [INFO] org.apache.catalina.core.ContainerBase.[Tomcat].[localhost].[/] [http-nio-8080-exec-1] Initializing Spring DispatcherServlet 'dispatcherServlet'
[32m2024-12-11 10:44:56.383[0;39m [INFO] org.springframework.web.servlet.DispatcherServlet [http-nio-8080-exec-1] Initializing Servlet 'dispatcherServlet'
[32m2024-12-11 10:44:56.384[0;39m [INFO] org.springframework.web.servlet.DispatcherServlet [http-nio-8080-exec-1] Completed initialization in 1 ms
[32m2024-12-11 10:49:04.187[0;39m [INFO] org.springframework.boot.admin.SpringApplicationAdminMXBeanRegistrar$SpringApplicationAdmin [RMI TCP Connection(30)-127.0.0.1] Application shutdown requested.
[32m2024-12-11 10:49:04.189[0;39m [INFO] org.springframework.boot.web.embedded.tomcat.GracefulShutdown [RMI TCP Connection(30)-127.0.0.1] Commencing graceful shutdown. Waiting for active requests to complete
[32m2024-12-11 10:49:04.195[0;39m [INFO] org.springframework.boot.web.embedded.tomcat.GracefulShutdown [tomcat-shutdown] Graceful shutdown complete
[32m2024-12-11 10:49:04.200[0;39m [INFO] org.springframework.orm.jpa.LocalContainerEntityManagerFactoryBean [RMI TCP Connection(30)-127.0.0.1] Closing JPA EntityManagerFactory for persistence unit 'default'
[32m2024-12-11 10:49:04.205[0;39m [INFO] com.zaxxer.hikari.HikariDataSource [RMI TCP Connection(30)-127.0.0.1] HikariPool-1 - Shutdown initiated...
[32m2024-12-11 10:49:04.218[0;39m [INFO] com.zaxxer.hikari.HikariDataSource [RMI TCP Connection(30)-127.0.0.1] HikariPool-1 - Shutdown completed.
[32m2024-12-11 10:49:17.168[0;39m [INFO] com.hexaware.ctms.CricketTeamManagementSystemApplication [main] Starting CricketTeamManagementSystemApplication using Java 21.0.5 with PID 4304 (D:\JA228-Venkatesh-Pai\ctms\target\classes started by paive in D:\JA228-Venkatesh-Pai\ctms)
[32m2024-12-11 10:49:17.169[0;39m [INFO] com.hexaware.ctms.CricketTeamManagementSystemApplication [main] No active profile set, falling back to 1 default profile: "default"
[32m2024-12-11 10:49:17.939[0;39m [INFO] org.springframework.data.repository.config.RepositoryConfigurationDelegate [main] Bootstrapping Spring Data JPA repositories in DEFAULT mode.
[32m2024-12-11 10:49:17.999[0;39m [INFO] org.springframework.data.repository.config.RepositoryConfigurationDelegate [main] Finished Spring Data repository scanning in 51 ms. Found 1 JPA repository interface.
[32m2024-12-11 10:49:18.469[0;39m [INFO] org.springframework.boot.web.embedded.tomcat.TomcatWebServer [main] Tomcat initialized with port 8080 (http)
[32m2024-12-11 10:49:18.481[0;39m [INFO] org.apache.catalina.core.StandardService [main] Starting service [Tomcat]
[32m2024-12-11 10:49:18.481[0;39m [INFO] org.apache.catalina.core.StandardEngine [main] Starting Servlet engine: [Apache Tomcat/10.1.33]
[32m2024-12-11 10:49:18.542[0;39m [INFO] org.apache.catalina.core.ContainerBase.[Tomcat].[localhost].[/] [main] Initializing Spring embedded WebApplicationContext
[32m2024-12-11 10:49:18.543[0;39m [INFO] org.springframework.boot.web.servlet.context.ServletWebServerApplicationContext [main] Root WebApplicationContext: initialization completed in 1330 ms
[32m2024-12-11 10:49:18.676[0;39m [INFO] org.hibernate.jpa.internal.util.LogHelper [main] HHH000204: Processing PersistenceUnitInfo [name: default]
[32m2024-12-11 10:49:18.744[0;39m [INFO] org.hibernate.Version [main] HHH000412: Hibernate ORM core version 6.6.2.Final
[32m2024-12-11 10:49:18.780[0;39m [INFO] org.hibernate.cache.internal.RegionFactoryInitiator [main] HHH000026: Second-level cache disabled
[32m2024-12-11 10:49:19.237[0;39m [INFO] org.springframework.orm.jpa.persistenceunit.SpringPersistenceUnitInfo [main] No LoadTimeWeaver setup: ignoring JPA class transformer
[32m2024-12-11 10:49:19.271[0;39m [INFO] com.zaxxer.hikari.HikariDataSource [main] HikariPool-1 - Starting...
[32m2024-12-11 10:49:19.599[0;39m [INFO] com.zaxxer.hikari.pool.HikariPool [main] HikariPool-1 - Added connection com.mysql.cj.jdbc.ConnectionImpl@69069866
[32m2024-12-11 10:49:19.602[0;39m [INFO] com.zaxxer.hikari.HikariDataSource [main] HikariPool-1 - Start completed.
[32m2024-12-11 10:49:19.660[0;39m [WARN] org.hibernate.orm.deprecation [main] HHH90000025: MySQLDialect does not need to be specified explicitly using 'hibernate.dialect' (remove the property setting and it will be selected by default)
[32m2024-12-11 10:49:19.680[0;39m [INFO] org.hibernate.orm.connections.pooling [main] HHH10001005: Database info:
	Database JDBC URL [Connecting through datasource 'HikariDataSource (HikariPool-1)']
	Database driver: undefined/unknown
	Database version: 8.0.40
	Autocommit mode: undefined/unknown
	Isolation level: undefined/unknown
	Minimum pool size: undefined/unknown
	Maximum pool size: undefined/unknown
[32m2024-12-11 10:49:20.634[0;39m [INFO] org.hibernate.engine.transaction.jta.platform.internal.JtaPlatformInitiator [main] HHH000489: No JTA platform available (set 'hibernate.transaction.jta.platform' to enable JTA platform integration)
[32m2024-12-11 10:49:20.681[0;39m [INFO] org.springframework.orm.jpa.LocalContainerEntityManagerFactoryBean [main] Initialized JPA EntityManagerFactory for persistence unit 'default'
[32m2024-12-11 10:49:20.918[0;39m [INFO] org.springframework.data.jpa.repository.query.QueryEnhancerFactory [main] Hibernate is in classpath; If applicable, HQL parser will be used.
[32m2024-12-11 10:49:21.406[0;39m [WARN] org.springframework.boot.autoconfigure.orm.jpa.JpaBaseConfiguration$JpaWebConfiguration [main] spring.jpa.open-in-view is enabled by default. Therefore, database queries may be performed during view rendering. Explicitly configure spring.jpa.open-in-view to disable this warning
[32m2024-12-11 10:49:21.783[0;39m [INFO] org.springframework.boot.web.embedded.tomcat.TomcatWebServer [main] Tomcat started on port 8080 (http) with context path '/'
[32m2024-12-11 10:49:21.790[0;39m [INFO] com.hexaware.ctms.CricketTeamManagementSystemApplication [main] Started CricketTeamManagementSystemApplication in 5.058 seconds (process running for 7.117)
[32m2024-12-11 10:49:56.029[0;39m [INFO] org.apache.catalina.core.ContainerBase.[Tomcat].[localhost].[/] [http-nio-8080-exec-1] Initializing Spring DispatcherServlet 'dispatcherServlet'
[32m2024-12-11 10:49:56.030[0;39m [INFO] org.springframework.web.servlet.DispatcherServlet [http-nio-8080-exec-1] Initializing Servlet 'dispatcherServlet'
[32m2024-12-11 10:49:56.032[0;39m [INFO] org.springframework.web.servlet.DispatcherServlet [http-nio-8080-exec-1] Completed initialization in 2 ms
[32m2024-12-11 11:03:27.022[0;39m [INFO] org.springframework.boot.admin.SpringApplicationAdminMXBeanRegistrar$SpringApplicationAdmin [RMI TCP Connection(17)-127.0.0.1] Application shutdown requested.
[32m2024-12-11 11:03:27.026[0;39m [INFO] org.springframework.boot.web.embedded.tomcat.GracefulShutdown [RMI TCP Connection(17)-127.0.0.1] Commencing graceful shutdown. Waiting for active requests to complete
[32m2024-12-11 11:03:27.033[0;39m [INFO] org.springframework.boot.web.embedded.tomcat.GracefulShutdown [tomcat-shutdown] Graceful shutdown complete
[32m2024-12-11 11:03:27.036[0;39m [INFO] org.springframework.orm.jpa.LocalContainerEntityManagerFactoryBean [RMI TCP Connection(17)-127.0.0.1] Closing JPA EntityManagerFactory for persistence unit 'default'
[32m2024-12-11 11:03:27.038[0;39m [INFO] com.zaxxer.hikari.HikariDataSource [RMI TCP Connection(17)-127.0.0.1] HikariPool-1 - Shutdown initiated...
[32m2024-12-11 11:03:27.049[0;39m [INFO] com.zaxxer.hikari.HikariDataSource [RMI TCP Connection(17)-127.0.0.1] HikariPool-1 - Shutdown completed.
[32m2024-12-11 11:46:00.861[0;39m [INFO] com.hexaware.ctms.CricketTeamManagementSystemApplication [main] Starting CricketTeamManagementSystemApplication using Java 21.0.5 with PID 4956 (D:\JA228-Venkatesh-Pai\ctms\target\classes started by paive in D:\JA228-Venkatesh-Pai\ctms)
[32m2024-12-11 11:46:00.863[0;39m [INFO] com.hexaware.ctms.CricketTeamManagementSystemApplication [main] No active profile set, falling back to 1 default profile: "default"
[32m2024-12-11 11:46:01.847[0;39m [INFO] org.springframework.data.repository.config.RepositoryConfigurationDelegate [main] Bootstrapping Spring Data JPA repositories in DEFAULT mode.
[32m2024-12-11 11:46:01.906[0;39m [INFO] org.springframework.data.repository.config.RepositoryConfigurationDelegate [main] Finished Spring Data repository scanning in 45 ms. Found 1 JPA repository interface.
[32m2024-12-11 11:46:02.360[0;39m [INFO] org.springframework.boot.web.embedded.tomcat.TomcatWebServer [main] Tomcat initialized with port 8080 (http)
[32m2024-12-11 11:46:02.372[0;39m [INFO] org.apache.catalina.core.StandardService [main] Starting service [Tomcat]
[32m2024-12-11 11:46:02.373[0;39m [INFO] org.apache.catalina.core.StandardEngine [main] Starting Servlet engine: [Apache Tomcat/10.1.33]
[32m2024-12-11 11:46:02.439[0;39m [INFO] org.apache.catalina.core.ContainerBase.[Tomcat].[localhost].[/] [main] Initializing Spring embedded WebApplicationContext
[32m2024-12-11 11:46:02.440[0;39m [INFO] org.springframework.boot.web.servlet.context.ServletWebServerApplicationContext [main] Root WebApplicationContext: initialization completed in 1535 ms
[32m2024-12-11 11:46:02.626[0;39m [INFO] org.hibernate.jpa.internal.util.LogHelper [main] HHH000204: Processing PersistenceUnitInfo [name: default]
[32m2024-12-11 11:46:02.693[0;39m [INFO] org.hibernate.Version [main] HHH000412: Hibernate ORM core version 6.6.2.Final
[32m2024-12-11 11:46:02.738[0;39m [INFO] org.hibernate.cache.internal.RegionFactoryInitiator [main] HHH000026: Second-level cache disabled
[32m2024-12-11 11:46:03.261[0;39m [INFO] org.springframework.orm.jpa.persistenceunit.SpringPersistenceUnitInfo [main] No LoadTimeWeaver setup: ignoring JPA class transformer
[32m2024-12-11 11:46:03.303[0;39m [INFO] com.zaxxer.hikari.HikariDataSource [main] HikariPool-1 - Starting...
[32m2024-12-11 11:46:03.633[0;39m [INFO] com.zaxxer.hikari.pool.HikariPool [main] HikariPool-1 - Added connection com.mysql.cj.jdbc.ConnectionImpl@246de37e
[32m2024-12-11 11:46:03.635[0;39m [INFO] com.zaxxer.hikari.HikariDataSource [main] HikariPool-1 - Start completed.
[32m2024-12-11 11:46:03.693[0;39m [WARN] org.hibernate.orm.deprecation [main] HHH90000025: MySQLDialect does not need to be specified explicitly using 'hibernate.dialect' (remove the property setting and it will be selected by default)
[32m2024-12-11 11:46:03.718[0;39m [INFO] org.hibernate.orm.connections.pooling [main] HHH10001005: Database info:
	Database JDBC URL [Connecting through datasource 'HikariDataSource (HikariPool-1)']
	Database driver: undefined/unknown
	Database version: 8.0.40
	Autocommit mode: undefined/unknown
	Isolation level: undefined/unknown
	Minimum pool size: undefined/unknown
	Maximum pool size: undefined/unknown
[32m2024-12-11 11:46:04.628[0;39m [INFO] org.hibernate.engine.transaction.jta.platform.internal.JtaPlatformInitiator [main] HHH000489: No JTA platform available (set 'hibernate.transaction.jta.platform' to enable JTA platform integration)
[32m2024-12-11 11:46:04.680[0;39m [INFO] org.springframework.orm.jpa.LocalContainerEntityManagerFactoryBean [main] Initialized JPA EntityManagerFactory for persistence unit 'default'
[32m2024-12-11 11:46:04.897[0;39m [INFO] org.springframework.data.jpa.repository.query.QueryEnhancerFactory [main] Hibernate is in classpath; If applicable, HQL parser will be used.
[32m2024-12-11 11:46:05.354[0;39m [WARN] org.springframework.boot.autoconfigure.orm.jpa.JpaBaseConfiguration$JpaWebConfiguration [main] spring.jpa.open-in-view is enabled by default. Therefore, database queries may be performed during view rendering. Explicitly configure spring.jpa.open-in-view to disable this warning
[32m2024-12-11 11:46:05.741[0;39m [INFO] org.springframework.boot.web.embedded.tomcat.TomcatWebServer [main] Tomcat started on port 8080 (http) with context path '/'
[32m2024-12-11 11:46:05.750[0;39m [INFO] com.hexaware.ctms.CricketTeamManagementSystemApplication [main] Started CricketTeamManagementSystemApplication in 5.556 seconds (process running for 7.705)
[32m2024-12-11 11:46:49.636[0;39m [INFO] org.apache.catalina.core.ContainerBase.[Tomcat].[localhost].[/] [http-nio-8080-exec-2] Initializing Spring DispatcherServlet 'dispatcherServlet'
[32m2024-12-11 11:46:49.637[0;39m [INFO] org.springframework.web.servlet.DispatcherServlet [http-nio-8080-exec-2] Initializing Servlet 'dispatcherServlet'
[32m2024-12-11 11:46:49.638[0;39m [INFO] org.springframework.web.servlet.DispatcherServlet [http-nio-8080-exec-2] Completed initialization in 1 ms
[32m2024-12-11 11:49:50.315[0;39m [INFO] org.springframework.boot.admin.SpringApplicationAdminMXBeanRegistrar$SpringApplicationAdmin [RMI TCP Connection(8)-127.0.0.1] Application shutdown requested.
[32m2024-12-11 11:49:50.320[0;39m [INFO] org.springframework.boot.web.embedded.tomcat.GracefulShutdown [RMI TCP Connection(8)-127.0.0.1] Commencing graceful shutdown. Waiting for active requests to complete
[32m2024-12-11 11:49:50.324[0;39m [INFO] org.springframework.boot.web.embedded.tomcat.GracefulShutdown [tomcat-shutdown] Graceful shutdown complete
[32m2024-12-11 11:49:50.328[0;39m [INFO] org.springframework.orm.jpa.LocalContainerEntityManagerFactoryBean [RMI TCP Connection(8)-127.0.0.1] Closing JPA EntityManagerFactory for persistence unit 'default'
[32m2024-12-11 11:49:50.331[0;39m [INFO] com.zaxxer.hikari.HikariDataSource [RMI TCP Connection(8)-127.0.0.1] HikariPool-1 - Shutdown initiated...
[32m2024-12-11 11:49:50.342[0;39m [INFO] com.zaxxer.hikari.HikariDataSource [RMI TCP Connection(8)-127.0.0.1] HikariPool-1 - Shutdown completed.
[32m2024-12-11 12:50:14.052[0;39m [INFO] com.hexaware.ctms.CricketTeamManagementSystemApplication [main] Starting CricketTeamManagementSystemApplication using Java 21.0.5 with PID 12708 (D:\JA228-Venkatesh-Pai\ctms\target\classes started by paive in D:\JA228-Venkatesh-Pai\ctms)
[32m2024-12-11 12:50:14.052[0;39m [INFO] com.hexaware.ctms.CricketTeamManagementSystemApplication [main] No active profile set, falling back to 1 default profile: "default"
[32m2024-12-11 12:50:15.164[0;39m [INFO] org.springframework.data.repository.config.RepositoryConfigurationDelegate [main] Bootstrapping Spring Data JPA repositories in DEFAULT mode.
[32m2024-12-11 12:50:15.238[0;39m [INFO] org.springframework.data.repository.config.RepositoryConfigurationDelegate [main] Finished Spring Data repository scanning in 60 ms. Found 1 JPA repository interface.
[32m2024-12-11 12:50:15.727[0;39m [INFO] org.springframework.boot.web.embedded.tomcat.TomcatWebServer [main] Tomcat initialized with port 8080 (http)
[32m2024-12-11 12:50:15.743[0;39m [INFO] org.apache.catalina.core.StandardService [main] Starting service [Tomcat]
[32m2024-12-11 12:50:15.744[0;39m [INFO] org.apache.catalina.core.StandardEngine [main] Starting Servlet engine: [Apache Tomcat/10.1.33]
[32m2024-12-11 12:50:15.829[0;39m [INFO] org.apache.catalina.core.ContainerBase.[Tomcat].[localhost].[/] [main] Initializing Spring embedded WebApplicationContext
[32m2024-12-11 12:50:15.830[0;39m [INFO] org.springframework.boot.web.servlet.context.ServletWebServerApplicationContext [main] Root WebApplicationContext: initialization completed in 1711 ms
[32m2024-12-11 12:50:16.001[0;39m [INFO] org.hibernate.jpa.internal.util.LogHelper [main] HHH000204: Processing PersistenceUnitInfo [name: default]
[32m2024-12-11 12:50:16.094[0;39m [INFO] org.hibernate.Version [main] HHH000412: Hibernate ORM core version 6.6.2.Final
[32m2024-12-11 12:50:16.133[0;39m [INFO] org.hibernate.cache.internal.RegionFactoryInitiator [main] HHH000026: Second-level cache disabled
[32m2024-12-11 12:50:16.647[0;39m [INFO] org.springframework.orm.jpa.persistenceunit.SpringPersistenceUnitInfo [main] No LoadTimeWeaver setup: ignoring JPA class transformer
[32m2024-12-11 12:50:16.689[0;39m [INFO] com.zaxxer.hikari.HikariDataSource [main] HikariPool-1 - Starting...
[32m2024-12-11 12:50:17.015[0;39m [INFO] com.zaxxer.hikari.pool.HikariPool [main] HikariPool-1 - Added connection com.mysql.cj.jdbc.ConnectionImpl@7b3feb26
[32m2024-12-11 12:50:17.016[0;39m [INFO] com.zaxxer.hikari.HikariDataSource [main] HikariPool-1 - Start completed.
[32m2024-12-11 12:50:17.093[0;39m [WARN] org.hibernate.orm.deprecation [main] HHH90000025: MySQLDialect does not need to be specified explicitly using 'hibernate.dialect' (remove the property setting and it will be selected by default)
[32m2024-12-11 12:50:17.115[0;39m [INFO] org.hibernate.orm.connections.pooling [main] HHH10001005: Database info:
	Database JDBC URL [Connecting through datasource 'HikariDataSource (HikariPool-1)']
	Database driver: undefined/unknown
	Database version: 8.0.40
	Autocommit mode: undefined/unknown
	Isolation level: undefined/unknown
	Minimum pool size: undefined/unknown
	Maximum pool size: undefined/unknown
[32m2024-12-11 12:50:18.161[0;39m [INFO] org.hibernate.engine.transaction.jta.platform.internal.JtaPlatformInitiator [main] HHH000489: No JTA platform available (set 'hibernate.transaction.jta.platform' to enable JTA platform integration)
[32m2024-12-11 12:50:18.223[0;39m [INFO] org.springframework.orm.jpa.LocalContainerEntityManagerFactoryBean [main] Initialized JPA EntityManagerFactory for persistence unit 'default'
[32m2024-12-11 12:50:18.497[0;39m [INFO] org.springframework.data.jpa.repository.query.QueryEnhancerFactory [main] Hibernate is in classpath; If applicable, HQL parser will be used.
[32m2024-12-11 12:50:19.006[0;39m [WARN] org.springframework.boot.autoconfigure.orm.jpa.JpaBaseConfiguration$JpaWebConfiguration [main] spring.jpa.open-in-view is enabled by default. Therefore, database queries may be performed during view rendering. Explicitly configure spring.jpa.open-in-view to disable this warning
[32m2024-12-11 12:50:19.396[0;39m [INFO] org.springframework.boot.web.embedded.tomcat.TomcatWebServer [main] Tomcat started on port 8080 (http) with context path '/'
[32m2024-12-11 12:50:19.405[0;39m [INFO] com.hexaware.ctms.CricketTeamManagementSystemApplication [main] Started CricketTeamManagementSystemApplication in 6.145 seconds (process running for 8.378)
[32m2024-12-11 13:05:00.552[0;39m [INFO] org.apache.catalina.core.ContainerBase.[Tomcat].[localhost].[/] [http-nio-8080-exec-1] Initializing Spring DispatcherServlet 'dispatcherServlet'
[32m2024-12-11 13:05:00.552[0;39m [INFO] org.springframework.web.servlet.DispatcherServlet [http-nio-8080-exec-1] Initializing Servlet 'dispatcherServlet'
[32m2024-12-11 13:05:00.553[0;39m [INFO] org.springframework.web.servlet.DispatcherServlet [http-nio-8080-exec-1] Completed initialization in 1 ms
[32m2024-12-11 13:25:11.396[0;39m [INFO] org.springframework.boot.admin.SpringApplicationAdminMXBeanRegistrar$SpringApplicationAdmin [RMI TCP Connection(39)-127.0.0.1] Application shutdown requested.
[32m2024-12-11 13:25:11.403[0;39m [INFO] org.springframework.boot.web.embedded.tomcat.GracefulShutdown [RMI TCP Connection(39)-127.0.0.1] Commencing graceful shutdown. Waiting for active requests to complete
[32m2024-12-11 13:25:11.417[0;39m [INFO] org.springframework.boot.web.embedded.tomcat.GracefulShutdown [tomcat-shutdown] Graceful shutdown complete
[32m2024-12-11 13:25:11.426[0;39m [INFO] org.springframework.orm.jpa.LocalContainerEntityManagerFactoryBean [RMI TCP Connection(39)-127.0.0.1] Closing JPA EntityManagerFactory for persistence unit 'default'
[32m2024-12-11 13:25:11.432[0;39m [INFO] com.zaxxer.hikari.HikariDataSource [RMI TCP Connection(39)-127.0.0.1] HikariPool-1 - Shutdown initiated...
[32m2024-12-11 13:25:11.454[0;39m [INFO] com.zaxxer.hikari.HikariDataSource [RMI TCP Connection(39)-127.0.0.1] HikariPool-1 - Shutdown completed.
[32m2024-12-11 13:36:49.389[0;39m [INFO] com.hexaware.ctms.CricketTeamManagementSystemApplication [main] Starting CricketTeamManagementSystemApplication using Java 21.0.5 with PID 200 (D:\JA228-Venkatesh-Pai\ctms\target\classes started by paive in D:\JA228-Venkatesh-Pai\ctms)
[32m2024-12-11 13:36:49.394[0;39m [INFO] com.hexaware.ctms.CricketTeamManagementSystemApplication [main] No active profile set, falling back to 1 default profile: "default"
[32m2024-12-11 13:36:52.404[0;39m [INFO] org.springframework.data.repository.config.RepositoryConfigurationDelegate [main] Bootstrapping Spring Data JPA repositories in DEFAULT mode.
[32m2024-12-11 13:36:52.612[0;39m [INFO] org.springframework.data.repository.config.RepositoryConfigurationDelegate [main] Finished Spring Data repository scanning in 177 ms. Found 1 JPA repository interface.
[32m2024-12-11 13:36:53.327[0;39m [INFO] org.springframework.boot.web.embedded.tomcat.TomcatWebServer [main] Tomcat initialized with port 8080 (http)
[32m2024-12-11 13:36:53.352[0;39m [INFO] org.apache.catalina.core.StandardService [main] Starting service [Tomcat]
[32m2024-12-11 13:36:53.353[0;39m [INFO] org.apache.catalina.core.StandardEngine [main] Starting Servlet engine: [Apache Tomcat/10.1.33]
[32m2024-12-11 13:36:53.441[0;39m [INFO] org.apache.catalina.core.ContainerBase.[Tomcat].[localhost].[/] [main] Initializing Spring embedded WebApplicationContext
[32m2024-12-11 13:36:53.442[0;39m [INFO] org.springframework.boot.web.servlet.context.ServletWebServerApplicationContext [main] Root WebApplicationContext: initialization completed in 3912 ms
[32m2024-12-11 13:36:53.640[0;39m [INFO] org.hibernate.jpa.internal.util.LogHelper [main] HHH000204: Processing PersistenceUnitInfo [name: default]
[32m2024-12-11 13:36:53.759[0;39m [INFO] org.hibernate.Version [main] HHH000412: Hibernate ORM core version 6.6.2.Final
[32m2024-12-11 13:36:53.815[0;39m [INFO] org.hibernate.cache.internal.RegionFactoryInitiator [main] HHH000026: Second-level cache disabled
[32m2024-12-11 13:36:54.338[0;39m [INFO] org.springframework.orm.jpa.persistenceunit.SpringPersistenceUnitInfo [main] No LoadTimeWeaver setup: ignoring JPA class transformer
[32m2024-12-11 13:36:54.382[0;39m [INFO] com.zaxxer.hikari.HikariDataSource [main] HikariPool-1 - Starting...
[32m2024-12-11 13:36:54.818[0;39m [INFO] com.zaxxer.hikari.pool.HikariPool [main] HikariPool-1 - Added connection com.mysql.cj.jdbc.ConnectionImpl@69a90b81
[32m2024-12-11 13:36:54.820[0;39m [INFO] com.zaxxer.hikari.HikariDataSource [main] HikariPool-1 - Start completed.
[32m2024-12-11 13:36:54.922[0;39m [WARN] org.hibernate.orm.deprecation [main] HHH90000025: MySQLDialect does not need to be specified explicitly using 'hibernate.dialect' (remove the property setting and it will be selected by default)
[32m2024-12-11 13:36:54.961[0;39m [INFO] org.hibernate.orm.connections.pooling [main] HHH10001005: Database info:
	Database JDBC URL [Connecting through datasource 'HikariDataSource (HikariPool-1)']
	Database driver: undefined/unknown
	Database version: 8.0.40
	Autocommit mode: undefined/unknown
	Isolation level: undefined/unknown
	Minimum pool size: undefined/unknown
	Maximum pool size: undefined/unknown
[32m2024-12-11 13:36:56.168[0;39m [INFO] org.hibernate.engine.transaction.jta.platform.internal.JtaPlatformInitiator [main] HHH000489: No JTA platform available (set 'hibernate.transaction.jta.platform' to enable JTA platform integration)
[32m2024-12-11 13:36:56.275[0;39m [INFO] org.springframework.orm.jpa.LocalContainerEntityManagerFactoryBean [main] Initialized JPA EntityManagerFactory for persistence unit 'default'
[32m2024-12-11 13:36:56.572[0;39m [INFO] org.springframework.data.jpa.repository.query.QueryEnhancerFactory [main] Hibernate is in classpath; If applicable, HQL parser will be used.
[32m2024-12-11 13:36:57.066[0;39m [WARN] org.springframework.boot.autoconfigure.orm.jpa.JpaBaseConfiguration$JpaWebConfiguration [main] spring.jpa.open-in-view is enabled by default. Therefore, database queries may be performed during view rendering. Explicitly configure spring.jpa.open-in-view to disable this warning
[32m2024-12-11 13:36:57.518[0;39m [INFO] org.springframework.boot.web.embedded.tomcat.TomcatWebServer [main] Tomcat started on port 8080 (http) with context path '/'
[32m2024-12-11 13:36:57.525[0;39m [INFO] com.hexaware.ctms.CricketTeamManagementSystemApplication [main] Started CricketTeamManagementSystemApplication in 10.989 seconds (process running for 44.393)
[32m2024-12-11 13:40:48.327[0;39m [INFO] org.apache.catalina.core.ContainerBase.[Tomcat].[localhost].[/] [http-nio-8080-exec-1] Initializing Spring DispatcherServlet 'dispatcherServlet'
[32m2024-12-11 13:40:48.327[0;39m [INFO] org.springframework.web.servlet.DispatcherServlet [http-nio-8080-exec-1] Initializing Servlet 'dispatcherServlet'
[32m2024-12-11 13:40:48.335[0;39m [INFO] org.springframework.web.servlet.DispatcherServlet [http-nio-8080-exec-1] Completed initialization in 0 ms
[32m2024-12-11 14:16:33.682[0;39m [INFO] org.springframework.boot.admin.SpringApplicationAdminMXBeanRegistrar$SpringApplicationAdmin [RMI TCP Connection(42)-127.0.0.1] Application shutdown requested.
[32m2024-12-11 14:16:33.687[0;39m [INFO] org.springframework.boot.web.embedded.tomcat.GracefulShutdown [RMI TCP Connection(42)-127.0.0.1] Commencing graceful shutdown. Waiting for active requests to complete
[32m2024-12-11 14:16:33.693[0;39m [INFO] org.springframework.boot.web.embedded.tomcat.GracefulShutdown [tomcat-shutdown] Graceful shutdown complete
[32m2024-12-11 14:16:33.699[0;39m [INFO] org.springframework.orm.jpa.LocalContainerEntityManagerFactoryBean [RMI TCP Connection(42)-127.0.0.1] Closing JPA EntityManagerFactory for persistence unit 'default'
[32m2024-12-11 14:16:33.702[0;39m [INFO] com.zaxxer.hikari.HikariDataSource [RMI TCP Connection(42)-127.0.0.1] HikariPool-1 - Shutdown initiated...
[32m2024-12-11 14:16:33.709[0;39m [INFO] com.zaxxer.hikari.HikariDataSource [RMI TCP Connection(42)-127.0.0.1] HikariPool-1 - Shutdown completed.
[32m2024-12-11 14:28:12.394[0;39m [INFO] com.hexaware.ctms.CricketTeamManagementSystemApplication [main] Starting CricketTeamManagementSystemApplication using Java 21.0.5 with PID 18044 (D:\JA228-Venkatesh-Pai\ctms\target\classes started by paive in D:\JA228-Venkatesh-Pai\ctms)
[32m2024-12-11 14:28:12.397[0;39m [INFO] com.hexaware.ctms.CricketTeamManagementSystemApplication [main] No active profile set, falling back to 1 default profile: "default"
[32m2024-12-11 14:28:13.440[0;39m [INFO] org.springframework.data.repository.config.RepositoryConfigurationDelegate [main] Bootstrapping Spring Data JPA repositories in DEFAULT mode.
[32m2024-12-11 14:28:13.522[0;39m [INFO] org.springframework.data.repository.config.RepositoryConfigurationDelegate [main] Finished Spring Data repository scanning in 66 ms. Found 1 JPA repository interface.
[32m2024-12-11 14:28:14.142[0;39m [INFO] org.springframework.boot.web.embedded.tomcat.TomcatWebServer [main] Tomcat initialized with port 8080 (http)
[32m2024-12-11 14:28:14.161[0;39m [INFO] org.apache.catalina.core.StandardService [main] Starting service [Tomcat]
[32m2024-12-11 14:28:14.161[0;39m [INFO] org.apache.catalina.core.StandardEngine [main] Starting Servlet engine: [Apache Tomcat/10.1.33]
[32m2024-12-11 14:28:14.233[0;39m [INFO] org.apache.catalina.core.ContainerBase.[Tomcat].[localhost].[/] [main] Initializing Spring embedded WebApplicationContext
[32m2024-12-11 14:28:14.234[0;39m [INFO] org.springframework.boot.web.servlet.context.ServletWebServerApplicationContext [main] Root WebApplicationContext: initialization completed in 1785 ms
[32m2024-12-11 14:28:14.417[0;39m [INFO] org.hibernate.jpa.internal.util.LogHelper [main] HHH000204: Processing PersistenceUnitInfo [name: default]
[32m2024-12-11 14:28:14.494[0;39m [INFO] org.hibernate.Version [main] HHH000412: Hibernate ORM core version 6.6.2.Final
[32m2024-12-11 14:28:14.542[0;39m [INFO] org.hibernate.cache.internal.RegionFactoryInitiator [main] HHH000026: Second-level cache disabled
[32m2024-12-11 14:28:15.180[0;39m [INFO] org.springframework.orm.jpa.persistenceunit.SpringPersistenceUnitInfo [main] No LoadTimeWeaver setup: ignoring JPA class transformer
[32m2024-12-11 14:28:15.224[0;39m [INFO] com.zaxxer.hikari.HikariDataSource [main] HikariPool-1 - Starting...
[32m2024-12-11 14:28:15.599[0;39m [INFO] com.zaxxer.hikari.pool.HikariPool [main] HikariPool-1 - Added connection com.mysql.cj.jdbc.ConnectionImpl@17003497
[32m2024-12-11 14:28:15.602[0;39m [INFO] com.zaxxer.hikari.HikariDataSource [main] HikariPool-1 - Start completed.
[32m2024-12-11 14:28:15.666[0;39m [WARN] org.hibernate.orm.deprecation [main] HHH90000025: MySQLDialect does not need to be specified explicitly using 'hibernate.dialect' (remove the property setting and it will be selected by default)
[32m2024-12-11 14:28:15.690[0;39m [INFO] org.hibernate.orm.connections.pooling [main] HHH10001005: Database info:
	Database JDBC URL [Connecting through datasource 'HikariDataSource (HikariPool-1)']
	Database driver: undefined/unknown
	Database version: 8.0.40
	Autocommit mode: undefined/unknown
	Isolation level: undefined/unknown
	Minimum pool size: undefined/unknown
	Maximum pool size: undefined/unknown
[32m2024-12-11 14:28:16.879[0;39m [INFO] org.hibernate.engine.transaction.jta.platform.internal.JtaPlatformInitiator [main] HHH000489: No JTA platform available (set 'hibernate.transaction.jta.platform' to enable JTA platform integration)
[32m2024-12-11 14:28:16.955[0;39m [INFO] org.springframework.orm.jpa.LocalContainerEntityManagerFactoryBean [main] Initialized JPA EntityManagerFactory for persistence unit 'default'
[32m2024-12-11 14:28:17.228[0;39m [INFO] org.springframework.data.jpa.repository.query.QueryEnhancerFactory [main] Hibernate is in classpath; If applicable, HQL parser will be used.
[32m2024-12-11 14:28:17.827[0;39m [WARN] org.springframework.boot.autoconfigure.orm.jpa.JpaBaseConfiguration$JpaWebConfiguration [main] spring.jpa.open-in-view is enabled by default. Therefore, database queries may be performed during view rendering. Explicitly configure spring.jpa.open-in-view to disable this warning
[32m2024-12-11 14:28:18.261[0;39m [INFO] org.springframework.boot.web.embedded.tomcat.TomcatWebServer [main] Tomcat started on port 8080 (http) with context path '/'
[32m2024-12-11 14:28:18.270[0;39m [INFO] com.hexaware.ctms.CricketTeamManagementSystemApplication [main] Started CricketTeamManagementSystemApplication in 6.414 seconds (process running for 9.039)
[32m2024-12-11 14:28:48.997[0;39m [INFO] org.apache.catalina.core.ContainerBase.[Tomcat].[localhost].[/] [http-nio-8080-exec-1] Initializing Spring DispatcherServlet 'dispatcherServlet'
[32m2024-12-11 14:28:48.997[0;39m [INFO] org.springframework.web.servlet.DispatcherServlet [http-nio-8080-exec-1] Initializing Servlet 'dispatcherServlet'
[32m2024-12-11 14:28:48.997[0;39m [INFO] org.springframework.web.servlet.DispatcherServlet [http-nio-8080-exec-1] Completed initialization in 0 ms
[32m2024-12-11 16:34:40.114[0;39m [INFO] org.springframework.boot.admin.SpringApplicationAdminMXBeanRegistrar$SpringApplicationAdmin [RMI TCP Connection(130)-127.0.0.1] Application shutdown requested.
[32m2024-12-11 16:34:40.122[0;39m [INFO] org.springframework.boot.web.embedded.tomcat.GracefulShutdown [RMI TCP Connection(130)-127.0.0.1] Commencing graceful shutdown. Waiting for active requests to complete
[32m2024-12-11 16:34:40.130[0;39m [INFO] org.springframework.boot.web.embedded.tomcat.GracefulShutdown [tomcat-shutdown] Graceful shutdown complete
[32m2024-12-11 16:34:40.150[0;39m [INFO] org.springframework.orm.jpa.LocalContainerEntityManagerFactoryBean [RMI TCP Connection(130)-127.0.0.1] Closing JPA EntityManagerFactory for persistence unit 'default'
[32m2024-12-11 16:34:40.161[0;39m [INFO] com.zaxxer.hikari.HikariDataSource [RMI TCP Connection(130)-127.0.0.1] HikariPool-1 - Shutdown initiated...
[32m2024-12-11 16:34:40.171[0;39m [INFO] com.zaxxer.hikari.HikariDataSource [RMI TCP Connection(130)-127.0.0.1] HikariPool-1 - Shutdown completed.
